mode: atomic
github.com/ybbus/httpmockserver/httpmockserver.go:29.33,30.49 1 34
github.com/ybbus/httpmockserver/httpmockserver.go:30.49,32.3 1 1
github.com/ybbus/httpmockserver/httpmockserver.go:33.2,33.18 1 33
github.com/ybbus/httpmockserver/httpmockserver.go:33.18,35.3 1 31
github.com/ybbus/httpmockserver/httpmockserver.go:37.2,38.16 2 33
github.com/ybbus/httpmockserver/httpmockserver.go:38.16,40.3 1 1
github.com/ybbus/httpmockserver/httpmockserver.go:41.2,41.24 1 32
github.com/ybbus/httpmockserver/httpmockserver.go:41.24,43.3 1 0
github.com/ybbus/httpmockserver/httpmockserver.go:44.2,44.12 1 32
github.com/ybbus/httpmockserver/httpmockserver.go:68.26,70.2 1 31
github.com/ybbus/httpmockserver/httpmockserver.go:82.29,82.30 0 0
github.com/ybbus/httpmockserver/httpmockserver.go:84.46,86.2 1 0
github.com/ybbus/httpmockserver/httpmockserver.go:88.62,90.2 1 0
github.com/ybbus/httpmockserver/httpmockserver.go:92.62,94.2 1 0
github.com/ybbus/httpmockserver/httpmockserver.go:97.45,98.14 1 34
github.com/ybbus/httpmockserver/httpmockserver.go:98.14,100.3 1 0
github.com/ybbus/httpmockserver/httpmockserver.go:102.2,104.16 3 34
github.com/ybbus/httpmockserver/httpmockserver.go:104.16,107.3 2 2
github.com/ybbus/httpmockserver/httpmockserver.go:109.2,117.22 4 32
github.com/ybbus/httpmockserver/httpmockserver.go:117.22,120.17 3 1
github.com/ybbus/httpmockserver/httpmockserver.go:120.17,122.4 1 0
github.com/ybbus/httpmockserver/httpmockserver.go:123.3,123.37 1 1
github.com/ybbus/httpmockserver/httpmockserver.go:126.2,126.17 1 32
github.com/ybbus/httpmockserver/httpmockserver.go:126.17,127.42 1 0
github.com/ybbus/httpmockserver/httpmockserver.go:127.42,132.18 4 0
github.com/ybbus/httpmockserver/httpmockserver.go:132.18,134.5 1 0
github.com/ybbus/httpmockserver/httpmockserver.go:136.4,138.69 3 0
github.com/ybbus/httpmockserver/httpmockserver.go:141.3,141.35 1 0
github.com/ybbus/httpmockserver/httpmockserver.go:142.8,144.3 1 32
github.com/ybbus/httpmockserver/httpmockserver.go:146.2,146.23 1 32
github.com/ybbus/httpmockserver/httpmockserver.go:162.39,164.2 1 93
github.com/ybbus/httpmockserver/httpmockserver.go:166.72,172.16 5 91
github.com/ybbus/httpmockserver/httpmockserver.go:172.16,174.3 1 0
github.com/ybbus/httpmockserver/httpmockserver.go:176.2,177.16 2 91
github.com/ybbus/httpmockserver/httpmockserver.go:177.16,179.3 1 0
github.com/ybbus/httpmockserver/httpmockserver.go:181.2,187.32 2 91
github.com/ybbus/httpmockserver/httpmockserver.go:187.32,188.53 1 5
github.com/ybbus/httpmockserver/httpmockserver.go:188.53,189.63 1 8
github.com/ybbus/httpmockserver/httpmockserver.go:189.63,191.5 1 2
github.com/ybbus/httpmockserver/httpmockserver.go:195.2,198.37 2 91
github.com/ybbus/httpmockserver/httpmockserver.go:198.37,199.49 1 129
github.com/ybbus/httpmockserver/httpmockserver.go:199.49,200.61 1 293
github.com/ybbus/httpmockserver/httpmockserver.go:200.61,201.22 1 79
github.com/ybbus/httpmockserver/httpmockserver.go:203.4,203.27 1 214
github.com/ybbus/httpmockserver/httpmockserver.go:206.3,208.8 3 50
github.com/ybbus/httpmockserver/httpmockserver.go:212.2,212.31 1 91
github.com/ybbus/httpmockserver/httpmockserver.go:212.31,215.34 1 41
github.com/ybbus/httpmockserver/httpmockserver.go:215.34,216.50 1 40
github.com/ybbus/httpmockserver/httpmockserver.go:216.50,217.62 1 9
github.com/ybbus/httpmockserver/httpmockserver.go:217.62,218.28 1 1
github.com/ybbus/httpmockserver/httpmockserver.go:222.4,223.9 2 39
github.com/ybbus/httpmockserver/httpmockserver.go:228.2,228.31 1 91
github.com/ybbus/httpmockserver/httpmockserver.go:228.31,231.3 2 2
github.com/ybbus/httpmockserver/httpmockserver.go:233.2,233.40 1 89
github.com/ybbus/httpmockserver/httpmockserver.go:233.40,235.61 2 2
github.com/ybbus/httpmockserver/httpmockserver.go:235.61,237.4 1 4
github.com/ybbus/httpmockserver/httpmockserver.go:239.3,240.9 2 2
github.com/ybbus/httpmockserver/httpmockserver.go:244.2,244.62 1 87
github.com/ybbus/httpmockserver/httpmockserver.go:244.62,246.3 1 5
github.com/ybbus/httpmockserver/httpmockserver.go:248.2,250.45 2 87
github.com/ybbus/httpmockserver/httpmockserver.go:250.45,252.3 1 4
github.com/ybbus/httpmockserver/httpmockserver.go:255.49,262.2 5 3
github.com/ybbus/httpmockserver/httpmockserver.go:264.50,274.2 3 42
github.com/ybbus/httpmockserver/httpmockserver.go:276.51,284.2 3 17
github.com/ybbus/httpmockserver/httpmockserver.go:286.43,292.37 5 31
github.com/ybbus/httpmockserver/httpmockserver.go:292.37,294.39 2 42
github.com/ybbus/httpmockserver/httpmockserver.go:294.39,298.4 3 2
github.com/ybbus/httpmockserver/httpmockserver.go:299.3,299.49 1 42
github.com/ybbus/httpmockserver/httpmockserver.go:299.49,302.47 3 6
github.com/ybbus/httpmockserver/httpmockserver.go:302.47,304.46 2 16
github.com/ybbus/httpmockserver/httpmockserver.go:304.46,307.6 2 4
github.com/ybbus/httpmockserver/httpmockserver.go:308.5,308.26 1 16
github.com/ybbus/httpmockserver/httpmockserver.go:310.4,310.27 1 6
github.com/ybbus/httpmockserver/httpmockserver.go:310.27,312.5 1 4
github.com/ybbus/httpmockserver/httpmockserver.go:312.10,312.34 1 2
github.com/ybbus/httpmockserver/httpmockserver.go:312.34,314.5 1 2
github.com/ybbus/httpmockserver/httpmockserver.go:319.2,319.17 1 31
github.com/ybbus/httpmockserver/httpmockserver.go:319.17,322.3 2 8
github.com/ybbus/httpmockserver/httpmockserver.go:325.33,326.22 1 32
github.com/ybbus/httpmockserver/httpmockserver.go:326.22,329.3 2 1
github.com/ybbus/httpmockserver/httpmockserver.go:330.2,333.18 3 31
github.com/ybbus/httpmockserver/request_expectation.go:174.64,178.2 3 32
github.com/ybbus/httpmockserver/request_expectation.go:180.67,182.18 2 1
github.com/ybbus/httpmockserver/request_expectation.go:182.18,184.3 1 1
github.com/ybbus/httpmockserver/request_expectation.go:185.2,185.23 1 1
github.com/ybbus/httpmockserver/request_expectation.go:185.23,187.3 1 0
github.com/ybbus/httpmockserver/request_expectation.go:188.2,188.12 1 1
github.com/ybbus/httpmockserver/request_expectation.go:191.67,193.23 2 1
github.com/ybbus/httpmockserver/request_expectation.go:193.23,195.3 1 0
github.com/ybbus/httpmockserver/request_expectation.go:196.2,196.12 1 1
github.com/ybbus/httpmockserver/request_expectation.go:199.62,203.2 3 2
github.com/ybbus/httpmockserver/request_expectation.go:205.58,207.2 1 1
github.com/ybbus/httpmockserver/request_expectation.go:209.59,211.2 1 0
github.com/ybbus/httpmockserver/request_expectation.go:213.64,217.2 3 0
github.com/ybbus/httpmockserver/request_expectation.go:219.65,223.2 3 0
github.com/ybbus/httpmockserver/request_expectation.go:225.87,228.2 2 24
github.com/ybbus/httpmockserver/request_expectation.go:230.99,233.2 2 1
github.com/ybbus/httpmockserver/request_expectation.go:235.73,237.2 1 25
github.com/ybbus/httpmockserver/request_expectation.go:239.69,241.2 1 39
github.com/ybbus/httpmockserver/request_expectation.go:243.77,245.2 1 2
github.com/ybbus/httpmockserver/request_expectation.go:247.57,249.2 1 16
github.com/ybbus/httpmockserver/request_expectation.go:251.58,253.2 1 1
github.com/ybbus/httpmockserver/request_expectation.go:255.57,257.2 1 0
github.com/ybbus/httpmockserver/request_expectation.go:259.59,261.2 1 0
github.com/ybbus/httpmockserver/request_expectation.go:263.60,265.2 1 0
github.com/ybbus/httpmockserver/request_expectation.go:267.58,269.2 1 0
github.com/ybbus/httpmockserver/request_expectation.go:271.68,273.2 1 13
github.com/ybbus/httpmockserver/request_expectation.go:275.76,277.2 1 1
github.com/ybbus/httpmockserver/request_expectation.go:279.69,281.2 1 11
github.com/ybbus/httpmockserver/request_expectation.go:283.77,285.2 1 0
github.com/ybbus/httpmockserver/request_expectation.go:287.68,289.2 1 0
github.com/ybbus/httpmockserver/request_expectation.go:291.76,293.2 1 0
github.com/ybbus/httpmockserver/request_expectation.go:295.70,297.2 1 0
github.com/ybbus/httpmockserver/request_expectation.go:299.78,301.2 1 0
github.com/ybbus/httpmockserver/request_expectation.go:303.71,305.2 1 0
github.com/ybbus/httpmockserver/request_expectation.go:307.79,309.2 1 0
github.com/ybbus/httpmockserver/request_expectation.go:311.69,313.2 1 0
github.com/ybbus/httpmockserver/request_expectation.go:315.77,317.2 1 0
github.com/ybbus/httpmockserver/request_expectation.go:319.78,321.2 1 5
github.com/ybbus/httpmockserver/request_expectation.go:323.77,325.2 1 1
github.com/ybbus/httpmockserver/request_expectation.go:327.85,329.2 1 1
github.com/ybbus/httpmockserver/request_expectation.go:331.86,332.35 1 1
github.com/ybbus/httpmockserver/request_expectation.go:332.35,334.3 1 2
github.com/ybbus/httpmockserver/request_expectation.go:335.2,335.12 1 1
github.com/ybbus/httpmockserver/request_expectation.go:338.85,340.2 1 1
github.com/ybbus/httpmockserver/request_expectation.go:342.84,344.2 1 0
github.com/ybbus/httpmockserver/request_expectation.go:346.99,348.2 1 0
github.com/ybbus/httpmockserver/request_expectation.go:350.100,351.41 1 0
github.com/ybbus/httpmockserver/request_expectation.go:351.41,353.3 1 0
github.com/ybbus/httpmockserver/request_expectation.go:354.2,354.12 1 0
github.com/ybbus/httpmockserver/request_expectation.go:357.86,359.2 1 1
github.com/ybbus/httpmockserver/request_expectation.go:361.85,363.2 1 0
github.com/ybbus/httpmockserver/request_expectation.go:365.100,367.2 1 1
github.com/ybbus/httpmockserver/request_expectation.go:369.102,370.42 1 0
github.com/ybbus/httpmockserver/request_expectation.go:370.42,372.3 1 0
github.com/ybbus/httpmockserver/request_expectation.go:373.2,373.12 1 0
github.com/ybbus/httpmockserver/request_expectation.go:376.84,378.2 1 1
github.com/ybbus/httpmockserver/request_expectation.go:380.69,382.2 1 1
github.com/ybbus/httpmockserver/request_expectation.go:384.68,386.2 1 1
github.com/ybbus/httpmockserver/request_expectation.go:388.105,390.2 1 1
github.com/ybbus/httpmockserver/request_expectation.go:392.82,394.2 1 2
github.com/ybbus/httpmockserver/request_expectation.go:396.104,398.2 1 1
github.com/ybbus/httpmockserver/request_expectation.go:400.75,402.2 1 1
github.com/ybbus/httpmockserver/request_expectation.go:404.88,406.2 1 1
github.com/ybbus/httpmockserver/request_expectation.go:408.83,410.2 1 1
github.com/ybbus/httpmockserver/request_expectation.go:412.69,414.2 1 3
github.com/ybbus/httpmockserver/request_expectation.go:416.100,418.2 1 2
github.com/ybbus/httpmockserver/request_expectation.go:420.112,422.2 1 2
github.com/ybbus/httpmockserver/request_expectation.go:424.71,426.15 2 58
github.com/ybbus/httpmockserver/request_expectation.go:426.15,429.3 2 1
github.com/ybbus/httpmockserver/request_expectation.go:431.2,431.57 1 57
github.com/ybbus/httpmockserver/request_expectation.go:431.57,433.3 1 2
github.com/ybbus/httpmockserver/request_expectation.go:435.2,447.28 4 57
github.com/ybbus/httpmockserver/request_expectation.go:450.123,453.2 2 109
github.com/ybbus/httpmockserver/response_expectation.go:31.85,34.2 2 0
github.com/ybbus/httpmockserver/response_expectation.go:37.79,40.2 2 2
github.com/ybbus/httpmockserver/response_expectation.go:43.88,44.34 1 1
github.com/ybbus/httpmockserver/response_expectation.go:44.34,46.3 1 1
github.com/ybbus/httpmockserver/response_expectation.go:47.2,47.12 1 1
github.com/ybbus/httpmockserver/response_expectation.go:51.77,53.2 1 2
github.com/ybbus/httpmockserver/response_expectation.go:58.82,62.52 2 3
github.com/ybbus/httpmockserver/response_expectation.go:62.52,64.3 1 3
github.com/ybbus/httpmockserver/response_expectation.go:66.2,66.19 1 3
github.com/ybbus/httpmockserver/response_expectation.go:66.19,68.3 1 1
github.com/ybbus/httpmockserver/response_expectation.go:70.2,70.28 1 2
github.com/ybbus/httpmockserver/response_expectation.go:71.14,74.17 3 0
github.com/ybbus/httpmockserver/response_expectation.go:74.17,76.4 1 0
github.com/ybbus/httpmockserver/response_expectation.go:77.3,78.27 2 0
github.com/ybbus/httpmockserver/response_expectation.go:79.14,82.17 3 1
github.com/ybbus/httpmockserver/response_expectation.go:82.17,84.4 1 1
github.com/ybbus/httpmockserver/response_expectation.go:85.3,86.27 2 1
github.com/ybbus/httpmockserver/response_expectation.go:89.2,90.16 2 1
github.com/ybbus/httpmockserver/response_expectation.go:90.16,92.3 1 0
github.com/ybbus/httpmockserver/response_expectation.go:94.2,94.27 1 1
github.com/ybbus/httpmockserver/response_expectation.go:98.71,101.2 2 6
github.com/ybbus/httpmockserver/validation.go:22.47,24.2 1 0
github.com/ybbus/httpmockserver/validation.go:27.90,28.42 1 2
github.com/ybbus/httpmockserver/validation.go:28.42,29.50 1 2
github.com/ybbus/httpmockserver/validation.go:29.50,31.5 1 1
github.com/ybbus/httpmockserver/validation.go:33.4,33.14 1 1
github.com/ybbus/httpmockserver/validation.go:37.59,38.42 1 3
github.com/ybbus/httpmockserver/validation.go:38.42,40.41 1 8
github.com/ybbus/httpmockserver/validation.go:40.41,42.5 1 6
github.com/ybbus/httpmockserver/validation.go:44.4,44.14 1 2
github.com/ybbus/httpmockserver/validation.go:48.78,49.42 1 1
github.com/ybbus/httpmockserver/validation.go:49.42,52.48 2 4
github.com/ybbus/httpmockserver/validation.go:52.48,54.5 1 3
github.com/ybbus/httpmockserver/validation.go:56.4,56.14 1 1
github.com/ybbus/httpmockserver/validation.go:60.71,61.42 1 1
github.com/ybbus/httpmockserver/validation.go:61.42,64.58 2 5
github.com/ybbus/httpmockserver/validation.go:64.58,66.5 1 4
github.com/ybbus/httpmockserver/validation.go:68.4,68.14 1 1
github.com/ybbus/httpmockserver/validation.go:72.76,73.42 1 2
github.com/ybbus/httpmockserver/validation.go:73.42,77.44 3 6
github.com/ybbus/httpmockserver/validation.go:77.44,79.5 1 1
github.com/ybbus/httpmockserver/validation.go:79.10,81.19 2 5
github.com/ybbus/httpmockserver/validation.go:81.19,83.6 1 0
github.com/ybbus/httpmockserver/validation.go:86.4,88.18 3 6
github.com/ybbus/httpmockserver/validation.go:88.18,90.5 1 0
github.com/ybbus/httpmockserver/validation.go:92.4,94.18 3 6
github.com/ybbus/httpmockserver/validation.go:94.18,96.5 1 3
github.com/ybbus/httpmockserver/validation.go:98.4,101.64 3 3
github.com/ybbus/httpmockserver/validation.go:101.64,103.5 1 1
github.com/ybbus/httpmockserver/validation.go:105.4,105.14 1 2
github.com/ybbus/httpmockserver/validation.go:109.92,110.42 1 1
github.com/ybbus/httpmockserver/validation.go:110.42,113.18 3 5
github.com/ybbus/httpmockserver/validation.go:113.18,115.5 1 3
github.com/ybbus/httpmockserver/validation.go:117.4,118.18 2 2
github.com/ybbus/httpmockserver/validation.go:118.18,120.5 1 1
github.com/ybbus/httpmockserver/validation.go:122.4,122.37 1 1
github.com/ybbus/httpmockserver/validation.go:122.37,124.5 1 1
github.com/ybbus/httpmockserver/validation.go:126.4,126.110 1 0
github.com/ybbus/httpmockserver/validation.go:130.74,131.42 1 1
github.com/ybbus/httpmockserver/validation.go:131.42,133.11 2 3
github.com/ybbus/httpmockserver/validation.go:133.11,135.5 1 1
github.com/ybbus/httpmockserver/validation.go:137.4,137.46 1 2
github.com/ybbus/httpmockserver/validation.go:137.46,139.5 1 1
github.com/ybbus/httpmockserver/validation.go:141.4,141.14 1 1
github.com/ybbus/httpmockserver/validation.go:145.59,146.42 1 1
github.com/ybbus/httpmockserver/validation.go:146.42,148.11 2 2
github.com/ybbus/httpmockserver/validation.go:148.11,150.5 1 1
github.com/ybbus/httpmockserver/validation.go:152.4,152.14 1 1
github.com/ybbus/httpmockserver/validation.go:156.58,157.42 1 4
github.com/ybbus/httpmockserver/validation.go:157.42,159.24 2 5
github.com/ybbus/httpmockserver/validation.go:159.24,161.5 1 2
github.com/ybbus/httpmockserver/validation.go:162.4,162.49 1 3
github.com/ybbus/httpmockserver/validation.go:162.49,164.5 1 0
github.com/ybbus/httpmockserver/validation.go:166.4,168.19 2 3
github.com/ybbus/httpmockserver/validation.go:168.19,170.5 1 0
github.com/ybbus/httpmockserver/validation.go:172.4,172.14 1 3
github.com/ybbus/httpmockserver/validation.go:176.93,177.42 1 1
github.com/ybbus/httpmockserver/validation.go:177.42,178.57 1 3
github.com/ybbus/httpmockserver/validation.go:178.57,180.5 1 1
github.com/ybbus/httpmockserver/validation.go:182.4,184.83 2 2
github.com/ybbus/httpmockserver/validation.go:184.83,186.5 1 2
github.com/ybbus/httpmockserver/validation.go:188.4,189.11 2 2
github.com/ybbus/httpmockserver/validation.go:189.11,191.5 1 0
github.com/ybbus/httpmockserver/validation.go:193.4,194.18 2 2
github.com/ybbus/httpmockserver/validation.go:194.18,196.5 1 0
github.com/ybbus/httpmockserver/validation.go:198.4,198.38 1 2
github.com/ybbus/httpmockserver/validation.go:198.38,200.5 1 1
github.com/ybbus/httpmockserver/validation.go:202.4,202.14 1 1
github.com/ybbus/httpmockserver/validation.go:206.59,207.42 1 39
github.com/ybbus/httpmockserver/validation.go:207.42,208.29 1 109
github.com/ybbus/httpmockserver/validation.go:208.29,210.5 1 34
github.com/ybbus/httpmockserver/validation.go:212.4,212.14 1 75
github.com/ybbus/httpmockserver/validation.go:216.69,218.42 2 2
github.com/ybbus/httpmockserver/validation.go:218.42,219.41 1 17
github.com/ybbus/httpmockserver/validation.go:219.41,221.5 1 12
github.com/ybbus/httpmockserver/validation.go:223.4,223.14 1 5
github.com/ybbus/httpmockserver/validation.go:227.67,228.42 1 5
github.com/ybbus/httpmockserver/validation.go:228.42,229.34 1 8
github.com/ybbus/httpmockserver/validation.go:229.34,231.5 1 2
github.com/ybbus/httpmockserver/validation.go:233.4,233.37 1 6
github.com/ybbus/httpmockserver/validation.go:233.37,235.5 1 1
github.com/ybbus/httpmockserver/validation.go:237.4,237.14 1 5
github.com/ybbus/httpmockserver/validation.go:241.66,242.42 1 1
github.com/ybbus/httpmockserver/validation.go:242.42,243.34 1 1
github.com/ybbus/httpmockserver/validation.go:243.34,245.5 1 0
github.com/ybbus/httpmockserver/validation.go:247.4,247.14 1 1
github.com/ybbus/httpmockserver/validation.go:251.74,252.42 1 1
github.com/ybbus/httpmockserver/validation.go:252.42,253.34 1 1
github.com/ybbus/httpmockserver/validation.go:253.34,255.5 1 0
github.com/ybbus/httpmockserver/validation.go:257.4,257.68 1 1
github.com/ybbus/httpmockserver/validation.go:257.68,259.5 1 0
github.com/ybbus/httpmockserver/validation.go:261.4,261.14 1 1
github.com/ybbus/httpmockserver/validation.go:265.74,266.42 1 1
github.com/ybbus/httpmockserver/validation.go:266.42,267.32 1 3
github.com/ybbus/httpmockserver/validation.go:267.32,269.5 1 0
github.com/ybbus/httpmockserver/validation.go:271.4,271.35 1 3
github.com/ybbus/httpmockserver/validation.go:271.35,273.5 1 0
github.com/ybbus/httpmockserver/validation.go:275.4,275.14 1 3
github.com/ybbus/httpmockserver/validation.go:279.74,280.42 1 0
github.com/ybbus/httpmockserver/validation.go:280.42,281.33 1 0
github.com/ybbus/httpmockserver/validation.go:281.33,283.5 1 0
github.com/ybbus/httpmockserver/validation.go:285.4,285.14 1 0
github.com/ybbus/httpmockserver/validation.go:289.81,290.42 1 0
github.com/ybbus/httpmockserver/validation.go:290.42,291.32 1 0
github.com/ybbus/httpmockserver/validation.go:291.32,293.5 1 0
github.com/ybbus/httpmockserver/validation.go:295.4,295.66 1 0
github.com/ybbus/httpmockserver/validation.go:295.66,297.5 1 0
github.com/ybbus/httpmockserver/validation.go:299.4,299.14 1 0
github.com/ybbus/httpmockserver/validation.go:303.75,304.42 1 1
github.com/ybbus/httpmockserver/validation.go:304.42,305.39 1 2
github.com/ybbus/httpmockserver/validation.go:305.39,307.5 1 1
github.com/ybbus/httpmockserver/validation.go:309.4,309.42 1 1
github.com/ybbus/httpmockserver/validation.go:309.42,311.5 1 0
github.com/ybbus/httpmockserver/validation.go:313.4,313.14 1 1
github.com/ybbus/httpmockserver/validation.go:317.75,318.42 1 0
github.com/ybbus/httpmockserver/validation.go:318.42,319.40 1 0
github.com/ybbus/httpmockserver/validation.go:319.40,321.5 1 0
github.com/ybbus/httpmockserver/validation.go:323.4,323.14 1 0
github.com/ybbus/httpmockserver/validation.go:327.82,328.42 1 1
github.com/ybbus/httpmockserver/validation.go:328.42,329.39 1 2
github.com/ybbus/httpmockserver/validation.go:329.39,331.5 1 0
github.com/ybbus/httpmockserver/validation.go:333.4,333.66 1 2
github.com/ybbus/httpmockserver/validation.go:333.66,335.5 1 1
github.com/ybbus/httpmockserver/validation.go:337.4,337.14 1 1
github.com/ybbus/httpmockserver/validation.go:341.63,342.42 1 42
github.com/ybbus/httpmockserver/validation.go:342.42,343.63 1 125
github.com/ybbus/httpmockserver/validation.go:343.63,345.5 1 2
github.com/ybbus/httpmockserver/validation.go:347.4,347.14 1 123
